# JRE version: OpenJDK Runtime Environment Microsoft-7208460 (11.0.18+10) (build 11.0.18+10-LTS)
# Java VM: OpenJDK 64-Bit Server VM Microsoft-7208460 (11.0.18+10-LTS, mixed mode, tiered, compressed oops, g1 gc, windows-amd64)
Heap:
 garbage-first heap   total 159744K, used 29696K [0x000000008a600000, 0x0000000100000000)
  region size 1024K, 5 young (5120K), 5 survivors (5120K)
 Metaspace       used 33504K, capacity 33995K, committed 34304K, reserved 1079296K
  class space    used 4097K, capacity 4303K, committed 4352K, reserved 1048576K
GC Heap History (9 events):
Event: 0.432 GC heap before
{Heap before GC invocations=0 (full 0):
 garbage-first heap   total 120832K, used 27648K [0x000000008a600000, 0x0000000100000000)
  region size 1024K, 24 young (24576K), 0 survivors (0K)
 Metaspace       used 12363K, capacity 12472K, committed 12800K, reserved 1060864K
  class space    used 1147K, capacity 1175K, committed 1280K, reserved 1048576K
}
Event: 0.435 GC heap after
{Heap after GC invocations=1 (full 0):
 garbage-first heap   total 120832K, used 5812K [0x000000008a600000, 0x0000000100000000)
  region size 1024K, 3 young (3072K), 3 survivors (3072K)
 Metaspace       used 12363K, capacity 12472K, committed 12800K, reserved 1060864K
  class space    used 1147K, capacity 1175K, committed 1280K, reserved 1048576K
}
Event: 0.889 GC heap before
{Heap before GC invocations=1 (full 0):
 garbage-first heap   total 120832K, used 42676K [0x000000008a600000, 0x0000000100000000)
  region size 1024K, 40 young (40960K), 3 survivors (3072K)
 Metaspace       used 20998K, capacity 21204K, committed 21248K, reserved 1069056K
  class space    used 2206K, capacity 2283K, committed 2304K, reserved 1048576K
}
Event: 0.898 GC heap after
{Heap after GC invocations=2 (full 0):
 garbage-first heap   total 120832K, used 9216K [0x000000008a600000, 0x0000000100000000)
  region size 1024K, 6 young (6144K), 6 survivors (6144K)
 Metaspace       used 20998K, capacity 21204K, committed 21248K, reserved 1069056K
  class space    used 2206K, capacity 2283K, committed 2304K, reserved 1048576K
}
Event: 1.558 GC heap before
{Heap before GC invocations=3 (full 0):
 garbage-first heap   total 120832K, used 78848K [0x000000008a600000, 0x0000000100000000)
  region size 1024K, 55 young (56320K), 6 survivors (6144K)
 Metaspace       used 30935K, capacity 31500K, committed 31616K, reserved 1077248K
  class space    used 3647K, capacity 3881K, committed 3968K, reserved 1048576K
}
Event: 1.580 GC heap after
{Heap after GC invocations=4 (full 0):
 garbage-first heap   total 120832K, used 23518K [0x000000008a600000, 0x0000000100000000)
  region size 1024K, 7 young (7168K), 7 survivors (7168K)
 Metaspace       used 30935K, capacity 31500K, committed 31616K, reserved 1077248K
  class space    used 3647K, capacity 3881K, committed 3968K, reserved 1048576K
}
Event: 1.603 GC heap before
{Heap before GC invocations=4 (full 0):
 garbage-first heap   total 120832K, used 29662K [0x000000008a600000, 0x0000000100000000)
  region size 1024K, 13 young (13312K), 7 survivors (7168K)
 Metaspace       used 30936K, capacity 31500K, committed 31616K, reserved 1077248K
  class space    used 3647K, capacity 3881K, committed 3968K, reserved 1048576K
}
Event: 1.615 GC heap after
{Heap after GC invocations=5 (full 0):
 garbage-first heap   total 120832K, used 25513K [0x000000008a600000, 0x0000000100000000)
  region size 1024K, 2 young (2048K), 2 survivors (2048K)
 Metaspace       used 30936K, capacity 31500K, committed 31616K, reserved 1077248K
  class space    used 3647K, capacity 3881K, committed 3968K, reserved 1048576K
}
Event: 2.007 GC heap before
{Heap before GC invocations=5 (full 0):
 garbage-first heap   total 120832K, used 63401K [0x000000008a600000, 0x0000000100000000)
  region size 1024K, 39 young (39936K), 2 survivors (2048K)
 Metaspace       used 33504K, capacity 33995K, committed 34304K, reserved 1079296K
  class space    used 4097K, capacity 4303K, committed 4352K, reserved 1048576K
}

